[2019-02-15T20:01:28.142] [DEBUG] cheese - login => username:admin,password:123456
[2019-02-15T20:01:28.144] [DEBUG] cheese - admin
[2019-02-15T20:01:28.177] [DEBUG] cheese - null
[2019-02-15T20:01:28.179] [DEBUG] cheese - null
[2019-02-15T20:01:32.333] [DEBUG] cheese - login => username:admin,password:123456
[2019-02-15T20:01:32.334] [DEBUG] cheese - admin
[2019-02-15T20:01:32.339] [DEBUG] cheese - null
[2019-02-15T20:01:32.340] [DEBUG] cheese - null
[2019-02-19T09:37:52.649] [DEBUG] cheese - login => username:admin,password:123456
[2019-02-19T09:37:52.652] [DEBUG] cheese - admin
[2019-02-19T09:37:52.694] [DEBUG] cheese - null
[2019-02-19T09:37:52.694] [DEBUG] cheese - null
[2019-02-19T09:37:59.295] [DEBUG] cheese - login => username:admin,password:123456
[2019-02-19T09:37:59.296] [DEBUG] cheese - admin
[2019-02-19T09:37:59.305] [DEBUG] cheese - null
[2019-02-19T09:37:59.305] [DEBUG] cheese - null
[2019-02-19T09:43:39.349] [DEBUG] cheese - login => username:admin,password:123456
[2019-02-19T09:43:39.349] [DEBUG] cheese - admin
[2019-02-19T09:43:39.356] [DEBUG] cheese - null
[2019-02-19T09:43:39.356] [DEBUG] cheese - null
[2019-02-19T09:45:25.578] [DEBUG] cheese - login => username:admin,password:123456
[2019-02-19T09:45:25.578] [DEBUG] cheese - admin
[2019-02-19T09:45:25.582] [DEBUG] cheese - null
[2019-02-19T09:45:25.582] [DEBUG] cheese - null
[2019-02-19T09:47:37.996] [DEBUG] cheese - login => username:admin,password:123456
[2019-02-19T09:47:37.996] [DEBUG] cheese - admin
[2019-02-19T09:47:38.000] [DEBUG] cheese - null
[2019-02-19T09:47:38.000] [DEBUG] cheese - null
[2019-02-19T15:24:43.995] [DEBUG] cheese - login => username:admin,password:123456
[2019-02-19T15:24:43.995] [DEBUG] cheese - admin
[2019-02-19T15:24:44.009] [DEBUG] cheese - null
[2019-02-19T15:24:44.009] [DEBUG] cheese - null
[2019-02-19T15:26:37.076] [DEBUG] cheese - login => username:admin,password:123456
[2019-02-19T15:26:37.076] [DEBUG] cheese - admin
[2019-02-19T15:26:37.081] [DEBUG] cheese - null
[2019-02-19T15:26:37.082] [DEBUG] cheese - null
[2019-02-19T15:26:55.074] [DEBUG] cheese - login => username:admin,password:123456
[2019-02-19T15:26:55.074] [DEBUG] cheese - admin
[2019-02-19T15:26:55.084] [DEBUG] cheese - null
[2019-02-19T15:26:55.084] [DEBUG] cheese - null
[2019-02-19T15:56:46.723] [DEBUG] cheese - login => username:admin,password:123456
[2019-02-19T15:56:46.723] [DEBUG] cheese - admin
[2019-02-19T15:56:46.734] [DEBUG] cheese - null
[2019-02-19T15:56:46.734] [DEBUG] cheese - null
[2019-02-19T15:58:35.286] [DEBUG] cheese - login => username:admin,password:123456
[2019-02-19T15:58:35.286] [DEBUG] cheese - admin
[2019-02-19T15:58:35.289] [DEBUG] cheese - null
[2019-02-19T15:58:35.289] [DEBUG] cheese - null
[2019-02-19T17:55:32.637] [DEBUG] cheese - login => username:admin,password:123456
[2019-02-19T17:55:32.637] [DEBUG] cheese - admin
[2019-02-19T17:55:32.647] [DEBUG] cheese - null
[2019-02-19T17:55:32.647] [DEBUG] cheese - null
[2019-02-21T10:18:14.063] [DEBUG] cheese - login => username:admin,password:123456
[2019-02-21T10:18:14.070] [DEBUG] cheese - admin
[2019-02-21T10:18:14.148] [DEBUG] cheese - null
[2019-02-21T10:18:14.149] [DEBUG] cheese - null
[2019-02-21T11:25:47.489] [DEBUG] cheese - login => username:admin,password:123456
[2019-02-21T11:25:47.489] [DEBUG] cheese - admin
[2019-02-21T11:25:47.506] [DEBUG] cheese - null
[2019-02-21T11:25:47.506] [DEBUG] cheese - null
[2019-02-22T11:01:00.725] [DEBUG] cheese - login => username:admin,password:123456
[2019-02-22T11:01:00.727] [DEBUG] cheese - admin
[2019-02-22T11:01:00.770] [DEBUG] cheese - null
[2019-02-22T11:01:00.772] [DEBUG] cheese - null
[2019-02-22T14:28:55.378] [DEBUG] cheese - login => username:admin,password:123456
[2019-02-22T14:28:55.381] [DEBUG] cheese - admin
[2019-02-22T14:28:55.421] [DEBUG] cheese - null
[2019-02-22T14:28:55.422] [DEBUG] cheese - null
[2019-02-22T17:15:50.869] [DEBUG] cheese - login => username:admin,password:123456
[2019-02-22T17:15:50.870] [DEBUG] cheese - admin
[2019-02-22T17:15:50.877] [DEBUG] cheese - null
[2019-02-22T17:15:50.877] [DEBUG] cheese - null
[2019-02-24T11:35:12.324] [DEBUG] cheese - login => username:admin,password:123456
[2019-02-24T11:35:12.326] [DEBUG] cheese - admin
[2019-02-24T11:35:12.370] [DEBUG] cheese - null
[2019-02-24T11:35:12.371] [DEBUG] cheese - null
[2019-02-27T09:23:47.188] [DEBUG] cheese - login => username:admin,password:123456
[2019-02-27T09:23:47.190] [DEBUG] cheese - admin
[2019-02-27T09:23:47.223] [DEBUG] cheese - null
[2019-02-27T09:23:47.224] [DEBUG] cheese - null
[2019-02-28T09:50:57.906] [DEBUG] cheese - login => username:admin,password:123456
[2019-02-28T09:50:57.909] [DEBUG] cheese - admin
[2019-02-28T09:50:57.944] [DEBUG] cheese - null
[2019-02-28T09:50:57.945] [DEBUG] cheese - null
[2019-02-28T15:16:44.289] [DEBUG] cheese - null
[2019-02-28T15:17:00.618] [DEBUG] cheese - null
[2019-02-28T15:19:53.922] [DEBUG] cheese - null
[2019-02-28T15:22:24.314] [DEBUG] cheese - null
[2019-02-28T15:22:32.485] [DEBUG] cheese - null
[2019-02-28T15:22:40.802] [DEBUG] cheese - null
[2019-03-04T10:09:14.253] [DEBUG] cheese - login => username:admin,password:123456
[2019-03-04T10:09:14.255] [DEBUG] cheese - admin
[2019-03-04T10:09:14.295] [DEBUG] cheese - null
[2019-03-04T10:09:14.297] [DEBUG] cheese - null
[2019-03-05T11:12:05.616] [DEBUG] cheese - login => username:admin,password:123456
[2019-03-05T11:12:05.619] [DEBUG] cheese - admin
[2019-03-05T11:12:05.704] [DEBUG] cheese - null
[2019-03-05T11:12:05.705] [DEBUG] cheese - null
[2019-03-07T11:17:59.651] [DEBUG] cheese - login => username:admin,password:123456
[2019-03-07T11:17:59.653] [DEBUG] cheese - admin
[2019-03-07T11:17:59.696] [DEBUG] cheese - null
[2019-03-07T11:17:59.698] [DEBUG] cheese - null
[2019-03-11T11:01:25.302] [DEBUG] cheese - login => username:admin,password:123456
[2019-03-11T11:01:25.304] [DEBUG] cheese - admin
[2019-03-11T11:01:25.342] [DEBUG] cheese - null
[2019-03-11T11:01:25.343] [DEBUG] cheese - null
[2019-03-12T16:21:19.284] [DEBUG] cheese - login => username:admin,password:123456
[2019-03-12T16:21:19.287] [DEBUG] cheese - admin
[2019-03-12T16:21:19.327] [DEBUG] cheese - null
[2019-03-12T16:21:19.328] [DEBUG] cheese - null
[2019-03-13T13:01:03.746] [DEBUG] cheese - login => username:admin,password:123456
[2019-03-13T13:01:03.749] [DEBUG] cheese - admin
[2019-03-13T13:01:03.787] [DEBUG] cheese - null
[2019-03-13T13:01:03.788] [DEBUG] cheese - null
[2019-03-13T18:10:37.792] [DEBUG] cheese - login => username:admin,password:123456
[2019-03-13T18:10:37.792] [DEBUG] cheese - admin
[2019-03-13T18:10:37.798] [DEBUG] cheese - null
[2019-03-13T18:10:37.799] [DEBUG] cheese - null
[2019-03-14T09:52:27.182] [DEBUG] cheese - login => username:admin,password:123456
[2019-03-14T09:52:27.185] [DEBUG] cheese - admin
[2019-03-14T09:52:27.250] [DEBUG] cheese - null
[2019-03-14T09:52:27.252] [DEBUG] cheese - null
[2019-03-14T14:06:30.186] [DEBUG] cheese - login => username:admin,password:123456
[2019-03-14T14:06:30.187] [DEBUG] cheese - admin
[2019-03-14T14:06:30.192] [DEBUG] cheese - null
[2019-03-14T14:06:30.192] [DEBUG] cheese - null
[2019-03-18T10:37:32.940] [DEBUG] cheese - login => username:admin,password:123456
[2019-03-18T10:37:32.942] [DEBUG] cheese - admin
[2019-03-18T10:37:33.009] [DEBUG] cheese - null
[2019-03-18T10:37:33.012] [DEBUG] cheese - null
[2019-03-18T10:44:33.960] [DEBUG] cheese - login => username:admin,password:123456
[2019-03-18T10:44:33.960] [DEBUG] cheese - admin
[2019-03-18T10:44:33.965] [DEBUG] cheese - null
[2019-03-18T10:44:33.965] [DEBUG] cheese - null
[2019-03-18T11:10:26.359] [DEBUG] cheese - login => username:admin,password:123456
[2019-03-18T11:10:26.359] [DEBUG] cheese - admin
[2019-03-18T11:10:26.368] [DEBUG] cheese - null
[2019-03-18T11:10:26.368] [DEBUG] cheese - null
[2019-03-18T16:40:06.963] [DEBUG] cheese - login => username:admin,password:123456
[2019-03-18T16:40:06.963] [DEBUG] cheese - admin
[2019-03-18T16:40:06.990] [DEBUG] cheese - null
[2019-03-18T16:40:06.990] [DEBUG] cheese - null
[2019-03-18T16:44:12.003] [DEBUG] cheese - login => username:admin,password:123456
[2019-03-18T16:44:12.003] [DEBUG] cheese - admin
[2019-03-18T16:44:12.009] [DEBUG] cheese - null
[2019-03-18T16:44:12.009] [DEBUG] cheese - null
[2019-03-18T16:45:36.212] [DEBUG] cheese - login => username:admin,password:123456
[2019-03-18T16:45:36.213] [DEBUG] cheese - admin
[2019-03-18T16:45:36.218] [DEBUG] cheese - null
[2019-03-18T16:45:36.218] [DEBUG] cheese - null
[2019-03-18T16:53:31.337] [DEBUG] cheese - login => username:admin,password:123456
[2019-03-18T16:53:31.337] [DEBUG] cheese - admin
[2019-03-18T16:53:31.345] [DEBUG] cheese - null
[2019-03-18T16:53:31.345] [DEBUG] cheese - null
[2019-03-19T14:44:00.131] [DEBUG] cheese - login => username:admin,password:123456
[2019-03-19T14:44:00.136] [DEBUG] cheese - admin
[2019-03-19T14:44:00.195] [DEBUG] cheese - null
[2019-03-19T14:44:00.196] [DEBUG] cheese - null
[2019-03-19T15:54:15.897] [DEBUG] cheese - null
[2019-03-19T15:58:59.444] [DEBUG] cheese - null
[2019-03-19T21:36:04.485] [DEBUG] cheese - login => username:admin,password:123456
[2019-03-19T21:36:04.487] [DEBUG] cheese - admin
[2019-03-19T21:36:04.500] [DEBUG] cheese - null
[2019-03-19T21:36:04.502] [DEBUG] cheese - null
[2019-03-19T21:44:57.064] [DEBUG] cheese - login => username:admin,password:123456
[2019-03-19T21:44:57.065] [DEBUG] cheese - admin
[2019-03-19T21:44:57.068] [DEBUG] cheese - null
[2019-03-19T21:44:57.068] [DEBUG] cheese - null
[2019-03-20T11:00:25.466] [DEBUG] cheese - login => username:admin,password:123456
[2019-03-20T11:00:25.468] [DEBUG] cheese - admin
[2019-03-20T11:00:25.510] [DEBUG] cheese - null
[2019-03-20T11:00:25.511] [DEBUG] cheese - null
[2020-02-21T20:34:27.751] [DEBUG] cheese - login => username:zs,password:123456
[2020-02-21T20:34:27.758] [DEBUG] cheese - zs
[2020-02-21T20:34:27.809] [DEBUG] cheese - null
[2020-02-21T20:34:27.811] [DEBUG] cheese - null
[2020-02-21T20:35:15.784] [DEBUG] cheese - login => username:admin,password:123456
[2020-02-21T20:35:15.784] [DEBUG] cheese - admin
[2020-02-21T20:35:15.813] [DEBUG] cheese - null
[2020-02-21T20:35:15.813] [DEBUG] cheese - null
[2020-02-21T20:46:02.199] [DEBUG] cheese - login => username:admin,password:123456
[2020-02-21T20:46:02.201] [DEBUG] cheese - admin
[2020-02-21T20:46:02.223] [DEBUG] cheese - null
[2020-02-21T20:46:02.224] [DEBUG] cheese - null
[2020-02-22T09:50:43.259] [DEBUG] cheese - login => username:zhangsan,password:12345678
[2020-02-22T09:50:43.261] [DEBUG] cheese - zhangsan
[2020-02-22T09:50:43.348] [DEBUG] cheese - null
[2020-02-22T09:50:43.348] [DEBUG] cheese - null
[2020-02-22T09:51:24.156] [DEBUG] cheese - login => username:zhangsan,password:12345678
[2020-02-22T09:51:24.156] [DEBUG] cheese - zhangsan
[2020-02-22T09:51:24.158] [DEBUG] cheese - null
[2020-02-22T09:51:24.158] [DEBUG] cheese - null
[2020-02-22T09:52:50.864] [DEBUG] cheese - login => username:zhangsan,password:12345678
[2020-02-22T09:52:50.864] [DEBUG] cheese - zhangsan
[2020-02-22T09:52:50.865] [DEBUG] cheese - null
[2020-02-22T09:52:50.866] [DEBUG] cheese - null
[2020-02-22T09:55:09.716] [DEBUG] cheese - login => username:zhangsan,password:12345678
[2020-02-22T09:55:09.717] [DEBUG] cheese - zhangsan
[2020-02-22T09:55:09.727] [DEBUG] cheese - null
[2020-02-22T09:55:09.727] [DEBUG] cheese - null
[2020-02-22T09:55:39.563] [DEBUG] cheese - login => username:admin,password:123456
[2020-02-22T09:55:39.563] [DEBUG] cheese - admin
[2020-02-22T09:55:39.573] [DEBUG] cheese - null
[2020-02-22T09:55:39.573] [DEBUG] cheese - null
[2020-02-22T10:02:42.136] [DEBUG] cheese - login => username:zhangsan,password:123456
[2020-02-22T10:02:42.136] [DEBUG] cheese - zhangsan
[2020-02-22T10:02:42.146] [DEBUG] cheese - null
[2020-02-22T10:02:42.146] [DEBUG] cheese - null
[2020-02-22T10:02:51.218] [DEBUG] cheese - login => username:admin,password:123456
[2020-02-22T10:02:51.218] [DEBUG] cheese - admin
[2020-02-22T10:02:51.221] [DEBUG] cheese - null
[2020-02-22T10:02:51.221] [DEBUG] cheese - null
[2020-02-22T10:08:11.459] [DEBUG] cheese - login => username:admin,password:123456
[2020-02-22T10:08:11.459] [DEBUG] cheese - admin
[2020-02-22T10:08:11.464] [DEBUG] cheese - null
[2020-02-22T10:08:11.464] [DEBUG] cheese - null
[2020-02-22T10:11:09.512] [DEBUG] cheese - login => username:admin,password:123456
[2020-02-22T10:11:09.513] [DEBUG] cheese - admin
[2020-02-22T10:11:09.520] [DEBUG] cheese - null
[2020-02-22T10:11:09.520] [DEBUG] cheese - null
[2020-02-22T10:19:16.113] [DEBUG] cheese - login => username:admin,password:123456
[2020-02-22T10:19:16.114] [DEBUG] cheese - admin
[2020-02-22T10:19:16.124] [DEBUG] cheese - null
[2020-02-22T10:19:16.124] [DEBUG] cheese - null
[2020-02-22T10:31:35.651] [DEBUG] cheese - login => username:admin,password:123456
[2020-02-22T10:31:35.652] [DEBUG] cheese - admin
[2020-02-22T10:31:35.660] [DEBUG] cheese - null
[2020-02-22T10:31:35.660] [DEBUG] cheese - null
[2020-02-22T10:58:44.475] [DEBUG] cheese - login => username:admin,password:123456
[2020-02-22T10:58:44.477] [DEBUG] cheese - admin
[2020-02-22T10:58:44.485] [DEBUG] cheese - null
[2020-02-22T10:58:44.485] [DEBUG] cheese - null
[2020-02-22T11:39:09.790] [DEBUG] cheese - login => username:admin,password:123456
[2020-02-22T11:39:09.791] [DEBUG] cheese - admin
[2020-02-22T11:39:09.799] [DEBUG] cheese - null
[2020-02-22T11:39:09.799] [DEBUG] cheese - null
[2020-02-22T11:40:57.841] [DEBUG] cheese - login => username:admin,password:123456
[2020-02-22T11:40:57.841] [DEBUG] cheese - admin
[2020-02-22T11:40:57.847] [DEBUG] cheese - null
[2020-02-22T11:40:57.848] [DEBUG] cheese - null
[2020-02-22T11:41:10.769] [DEBUG] cheese - login => username:admin,password:123456
[2020-02-22T11:41:10.769] [DEBUG] cheese - admin
[2020-02-22T11:41:10.772] [DEBUG] cheese - null
[2020-02-22T11:41:10.772] [DEBUG] cheese - null
[2020-02-22T11:41:38.174] [DEBUG] cheese - login => username:admin,password:123456
[2020-02-22T11:41:38.175] [DEBUG] cheese - admin
[2020-02-22T11:41:38.178] [DEBUG] cheese - null
[2020-02-22T11:41:38.178] [DEBUG] cheese - null
[2020-02-22T11:48:30.461] [DEBUG] cheese - login => username:admin,password:123456
[2020-02-22T11:48:30.462] [DEBUG] cheese - admin
[2020-02-22T11:48:30.472] [DEBUG] cheese - null
[2020-02-22T11:48:30.472] [DEBUG] cheese - null
[2020-02-22T11:55:30.191] [DEBUG] cheese - login => username:admin,password:123456
[2020-02-22T11:55:30.192] [DEBUG] cheese - admin
[2020-02-22T11:55:30.195] [DEBUG] cheese - null
[2020-02-22T11:55:30.195] [DEBUG] cheese - null
[2020-02-22T14:21:18.822] [DEBUG] cheese - login => username:admin,password:123456
[2020-02-22T14:21:18.824] [DEBUG] cheese - admin
[2020-02-22T14:21:18.836] [DEBUG] cheese - null
[2020-02-22T14:21:18.837] [DEBUG] cheese - null
[2020-02-22T14:24:11.603] [DEBUG] cheese - login => username:admin,password:123456
[2020-02-22T14:24:11.604] [DEBUG] cheese - admin
[2020-02-22T14:24:11.608] [DEBUG] cheese - null
[2020-02-22T14:24:11.608] [DEBUG] cheese - null
[2020-02-22T14:25:10.206] [DEBUG] cheese - login => username:admin,password:123456
[2020-02-22T14:25:10.206] [DEBUG] cheese - admin
[2020-02-22T14:25:10.208] [DEBUG] cheese - null
[2020-02-22T14:25:10.209] [DEBUG] cheese - null
[2020-02-23T19:08:24.258] [DEBUG] cheese - login => username:admin,password:123456
[2020-02-23T19:08:24.260] [DEBUG] cheese - admin
[2020-02-23T19:08:24.312] [DEBUG] cheese - null
[2020-02-23T19:08:24.313] [DEBUG] cheese - null
[2020-02-23T21:28:51.971] [DEBUG] cheese - null
[2020-02-23T21:31:09.059] [DEBUG] cheese - null
[2020-02-23T21:32:03.689] [DEBUG] cheese - null
[2020-02-23T21:32:07.084] [DEBUG] cheese - null
[2020-02-23T21:32:26.791] [DEBUG] cheese - null
[2020-02-23T21:32:32.613] [DEBUG] cheese - null
[2020-02-23T21:32:41.757] [DEBUG] cheese - null
[2020-02-23T22:22:39.975] [DEBUG] cheese - null
[2020-02-24T19:11:39.629] [DEBUG] cheese - login => username:admin,password:123456
[2020-02-24T19:11:39.631] [DEBUG] cheese - admin
[2020-02-24T19:11:39.655] [DEBUG] cheese - null
[2020-02-24T19:11:39.656] [DEBUG] cheese - null
[2020-02-24T19:46:11.323] [DEBUG] cheese - login => username:admin,password:123456
[2020-02-24T19:46:11.324] [DEBUG] cheese - admin
[2020-02-24T19:46:11.339] [DEBUG] cheese - null
[2020-02-24T19:46:11.339] [DEBUG] cheese - null
[2020-02-25T10:03:31.938] [DEBUG] cheese - login => username:admin,password:123456
[2020-02-25T10:03:31.940] [DEBUG] cheese - admin
[2020-02-25T10:03:31.987] [DEBUG] cheese - null
[2020-02-25T10:03:31.988] [DEBUG] cheese - null
[2020-02-25T15:57:54.051] [DEBUG] cheese - null
[2020-02-25T20:43:16.596] [DEBUG] cheese - login => username:admin,password:123456
[2020-02-25T20:43:16.597] [DEBUG] cheese - admin
[2020-02-25T20:43:16.633] [DEBUG] cheese - null
[2020-02-25T20:43:16.634] [DEBUG] cheese - null
[2020-02-25T21:45:32.020] [DEBUG] cheese - login => username:admin,password:123456
[2020-02-25T21:45:32.021] [DEBUG] cheese - admin
[2020-02-25T21:45:32.076] [DEBUG] cheese - null
[2020-02-25T21:45:32.076] [DEBUG] cheese - null
[2020-02-25T22:11:48.961] [DEBUG] cheese - login => username:admin,password:123456
[2020-02-25T22:11:48.962] [DEBUG] cheese - admin
[2020-02-25T22:11:48.985] [DEBUG] cheese - null
[2020-02-25T22:11:48.985] [DEBUG] cheese - null
[2020-02-29T11:15:35.372] [DEBUG] cheese - login => username:admin,password:123456
[2020-02-29T11:15:35.375] [DEBUG] cheese - admin
[2020-02-29T11:15:35.425] [DEBUG] cheese - null
[2020-02-29T11:15:35.426] [DEBUG] cheese - null
[2020-02-29T11:18:58.053] [DEBUG] cheese - login => username:admin,password:123456
[2020-02-29T11:18:58.054] [DEBUG] cheese - admin
[2020-02-29T11:18:58.057] [DEBUG] cheese - null
[2020-02-29T11:18:58.057] [DEBUG] cheese - null
[2020-02-29T11:19:17.493] [DEBUG] cheese - login => username:admin,password:123456
[2020-02-29T11:19:17.494] [DEBUG] cheese - admin
[2020-02-29T11:19:17.495] [DEBUG] cheese - null
[2020-02-29T11:19:17.495] [DEBUG] cheese - null
[2020-02-29T11:20:36.258] [DEBUG] cheese - login => username:admin,password:123456
[2020-02-29T11:20:36.258] [DEBUG] cheese - admin
[2020-02-29T11:20:36.260] [DEBUG] cheese - null
[2020-02-29T11:20:36.260] [DEBUG] cheese - null
[2020-02-29T11:55:07.698] [DEBUG] cheese - login => username:admin,password:1234561
[2020-02-29T11:55:07.701] [DEBUG] cheese - admin
[2020-02-29T11:55:07.714] [DEBUG] cheese - null
[2020-02-29T11:55:07.714] [DEBUG] cheese - null
[2020-02-29T11:55:12.275] [DEBUG] cheese - login => username:admin,password:1234566
[2020-02-29T11:55:12.275] [DEBUG] cheese - admin
[2020-02-29T11:55:12.280] [DEBUG] cheese - null
[2020-02-29T11:55:12.280] [DEBUG] cheese - null
[2020-02-29T11:55:17.081] [DEBUG] cheese - login => username:admin,password:123456
[2020-02-29T11:55:17.081] [DEBUG] cheese - admin
[2020-02-29T11:55:17.086] [DEBUG] cheese - null
[2020-02-29T11:55:17.086] [DEBUG] cheese - null
[2020-02-29T14:34:18.728] [DEBUG] cheese - login => username:admin,password:123456
[2020-02-29T14:34:18.732] [DEBUG] cheese - admin
[2020-02-29T14:34:18.778] [DEBUG] cheese - null
[2020-02-29T14:34:18.778] [DEBUG] cheese - null
